2023-10-31 14:06:13,943 INFO [main] h.j.p.m.Main [Main.java:209] Program je pokrenut.
2023-10-31 14:06:19,563 INFO [main] h.j.p.m.Main [Main.java:213] Unesene su kategorije
2023-10-31 14:06:19,582 INFO [main] h.j.p.m.Main [Main.java:215] Uneseni su artikli
2023-10-31 14:06:19,586 INFO [main] h.j.p.m.Main [Main.java:217] Unesene su tvornice
2023-10-31 14:06:19,588 INFO [main] h.j.p.m.Main [Main.java:219] Unesene su trgovine
2023-10-31 14:34:33,088 INFO [main] h.j.p.m.Main [Main.java:211] Program je pokrenut.
2023-10-31 14:34:41,750 INFO [main] h.j.p.m.Main [Main.java:215] Unesene su kategorije
2023-10-31 14:34:41,768 INFO [main] h.j.p.m.Main [Main.java:217] Uneseni su artikli
2023-10-31 14:34:41,771 INFO [main] h.j.p.m.Main [Main.java:219] Unesene su tvornice
2023-10-31 14:34:41,785 INFO [main] h.j.p.m.Main [Main.java:221] Unesene su trgovine
2023-11-07 10:20:30,465 INFO [main] h.j.p.m.Main [Main.java:247] Program je pokrenut.
2023-11-07 10:20:34,378 INFO [main] h.j.p.m.Main [Main.java:251] Unesene su kategorije
2023-11-07 10:20:34,450 INFO [main] h.j.p.m.Main [Main.java:253] Uneseni su artikli
2023-11-07 10:20:34,473 INFO [main] h.j.p.m.Main [Main.java:255] Unesene su tvornice
2023-11-07 10:20:34,481 INFO [main] h.j.p.m.Main [Main.java:257] Unesene su trgovine
2023-11-07 10:22:50,301 INFO [main] h.j.p.m.Main [Main.java:247] Program je pokrenut.
2023-11-07 10:22:50,756 INFO [main] h.j.p.m.Main [Main.java:251] Unesene su kategorije
2023-11-07 10:22:50,778 INFO [main] h.j.p.m.Main [Main.java:253] Uneseni su artikli
2023-11-07 10:22:50,782 INFO [main] h.j.p.m.Main [Main.java:255] Unesene su tvornice
2023-11-07 10:22:50,786 INFO [main] h.j.p.m.Main [Main.java:257] Unesene su trgovine
2023-11-07 11:01:28,530 INFO [main] h.j.p.m.Main [Main.java:266] Program je pokrenut.
2023-11-07 11:01:28,943 INFO [main] h.j.p.m.Main [Main.java:270] Unesene su kategorije
2023-11-07 11:01:31,952 INFO [main] h.j.p.m.Main [Main.java:272] Uneseni su artikli
2023-11-07 11:01:51,897 ERROR [main] h.j.p.m.Main [Main.java:201] Artikl vec postoji, unesi drugi.
2023-11-07 11:01:55,828 ERROR [main] h.j.p.m.Main [Main.java:201] Artikl vec postoji, unesi drugi.
2023-11-07 11:01:56,260 ERROR [main] h.j.p.m.Main [Main.java:201] Artikl vec postoji, unesi drugi.
2023-11-07 11:22:26,131 INFO [main] h.j.p.m.Main [Main.java:266] Program je pokrenut.
2023-11-07 11:22:27,089 INFO [main] h.j.p.m.Main [Main.java:271] Unesene su kategorije
2023-11-07 11:22:27,109 INFO [main] h.j.p.m.Main [Main.java:273] Uneseni su artikli
2023-11-07 11:22:59,840 INFO [main] h.j.p.m.Main [Main.java:266] Program je pokrenut.
2023-11-07 11:23:00,590 INFO [main] h.j.p.m.Main [Main.java:271] Unesene su kategorije
2023-11-07 11:23:00,613 INFO [main] h.j.p.m.Main [Main.java:273] Uneseni su artikli
2023-11-07 11:23:00,622 INFO [main] h.j.p.m.Main [Main.java:275] Unesene su tvornice
2023-11-07 11:23:00,625 INFO [main] h.j.p.m.Main [Main.java:277] Unesene su trgovine
2023-11-07 11:24:22,074 INFO [main] h.j.p.m.Main [Main.java:266] Program je pokrenut.
2023-11-07 11:24:23,040 INFO [main] h.j.p.m.Main [Main.java:271] Unesene su kategorije
2023-11-07 11:24:23,058 INFO [main] h.j.p.m.Main [Main.java:273] Uneseni su artikli
2023-11-07 11:24:23,067 INFO [main] h.j.p.m.Main [Main.java:275] Unesene su tvornice
2023-11-07 11:24:23,069 INFO [main] h.j.p.m.Main [Main.java:277] Unesene su trgovine
2023-11-07 11:27:51,742 INFO [main] h.j.p.m.Main [Main.java:266] Program je pokrenut.
2023-11-07 11:27:51,968 INFO [main] h.j.p.m.Main [Main.java:271] Unesene su kategorije
2023-11-07 11:27:51,989 INFO [main] h.j.p.m.Main [Main.java:273] Uneseni su artikli
2023-11-07 11:27:51,999 INFO [main] h.j.p.m.Main [Main.java:275] Unesene su tvornice
2023-11-07 11:27:52,002 INFO [main] h.j.p.m.Main [Main.java:277] Unesene su trgovine
2023-11-07 11:28:06,637 INFO [main] h.j.p.m.Main [Main.java:266] Program je pokrenut.
2023-11-07 11:28:08,382 INFO [main] h.j.p.m.Main [Main.java:271] Unesene su kategorije
2023-11-07 11:28:08,401 INFO [main] h.j.p.m.Main [Main.java:273] Uneseni su artikli
2023-11-07 11:28:08,409 INFO [main] h.j.p.m.Main [Main.java:275] Unesene su tvornice
2023-11-07 11:28:08,412 INFO [main] h.j.p.m.Main [Main.java:277] Unesene su trgovine
2023-11-07 11:42:21,870 INFO [main] h.j.p.m.Main [Main.java:267] Program je pokrenut.
2023-11-07 11:42:22,590 INFO [main] h.j.p.m.Main [Main.java:272] Unesene su kategorije
2023-11-07 11:42:22,610 INFO [main] h.j.p.m.Main [Main.java:274] Uneseni su artikli
2023-11-07 11:42:22,621 INFO [main] h.j.p.m.Main [Main.java:276] Unesene su tvornice
2023-11-07 11:42:22,624 INFO [main] h.j.p.m.Main [Main.java:278] Unesene su trgovine
2023-11-07 11:42:35,415 INFO [main] h.j.p.m.Main [Main.java:267] Program je pokrenut.
2023-11-07 11:42:49,111 INFO [main] h.j.p.m.Main [Main.java:267] Program je pokrenut.
2023-11-07 11:42:49,127 INFO [main] h.j.p.m.Main [Main.java:272] Unesene su kategorije
2023-11-07 11:42:49,148 INFO [main] h.j.p.m.Main [Main.java:274] Uneseni su artikli
2023-11-07 11:42:49,158 INFO [main] h.j.p.m.Main [Main.java:276] Unesene su tvornice
2023-11-07 11:42:49,161 INFO [main] h.j.p.m.Main [Main.java:278] Unesene su trgovine
2023-11-07 11:43:03,748 INFO [main] h.j.p.m.Main [Main.java:267] Program je pokrenut.
2023-11-07 11:43:04,174 INFO [main] h.j.p.m.Main [Main.java:272] Unesene su kategorije
2023-11-07 11:43:04,199 INFO [main] h.j.p.m.Main [Main.java:274] Uneseni su artikli
2023-11-07 11:43:04,210 INFO [main] h.j.p.m.Main [Main.java:276] Unesene su tvornice
2023-11-07 11:43:04,212 INFO [main] h.j.p.m.Main [Main.java:278] Unesene su trgovine
2023-11-07 11:52:23,128 INFO [main] h.j.p.m.Main [Main.java:267] Program je pokrenut.
2023-11-07 11:52:29,866 INFO [main] h.j.p.m.Main [Main.java:272] Unesene su kategorije
2023-11-07 11:52:29,884 INFO [main] h.j.p.m.Main [Main.java:274] Uneseni su artikli
2023-11-07 11:52:29,894 INFO [main] h.j.p.m.Main [Main.java:276] Unesene su tvornice
2023-11-07 11:52:29,896 INFO [main] h.j.p.m.Main [Main.java:278] Unesene su trgovine
2023-11-07 11:52:59,090 INFO [main] h.j.p.m.Main [Main.java:267] Program je pokrenut.
2023-11-07 11:52:59,425 INFO [main] h.j.p.m.Main [Main.java:272] Unesene su kategorije
2023-11-07 11:52:59,448 INFO [main] h.j.p.m.Main [Main.java:274] Uneseni su artikli
2023-11-07 11:52:59,459 INFO [main] h.j.p.m.Main [Main.java:276] Unesene su tvornice
2023-11-07 11:52:59,461 INFO [main] h.j.p.m.Main [Main.java:278] Unesene su trgovine
